<?xml version="1.0" encoding="UTF-8"?>
<!-- Generated by org.testng.reporters.JUnitReportReporter -->
<testsuite hostname="DESKTOP-3866FF9" failures="0" tests="6" name="com.qc.testng.test.RegisterTest" time="36.891" errors="0" timestamp="2024-12-26T18:22:44 PST" skipped="0">
  <testcase classname="com.qc.testng.test.RegisterTest" name="doRegister" time="9.090"/>
  <system-out/>
  <testcase classname="com.qc.testng.test.RegisterTest" name="doRegister" time="5.725"/>
  <system-out/>
  <testcase classname="com.qc.testng.test.RegisterTest" name="doRegister" time="4.564"/>
  <system-out/>
  <testcase classname="com.qc.testng.test.RegisterTest" name="doRegister" time="7.326"/>
  <system-out/>
  <testcase classname="com.qc.testng.test.RegisterTest" name="doRegister" time="5.038"/>
  <system-out/>
  <testcase classname="com.qc.testng.test.RegisterTest" name="doRegister" time="5.148"/>
  <system-out/>
</testsuite> <!-- com.qc.testng.test.RegisterTest -->
