<?xml version="1.0" encoding="UTF-8"?>
<!-- Generated by org.testng.reporters.JUnitReportReporter -->
<testsuite hostname="DESKTOP-3866FF9" failures="0" tests="7" name="com.qc.testng.test.LoginTest" time="30.996" errors="0" timestamp="2024-12-26T18:22:45 PST" skipped="0">
  <testcase classname="com.qc.testng.test.LoginTest" name="doLogin" time="4.727"/>
  <system-out/>
  <testcase classname="com.qc.testng.test.LoginTest" name="doLogin" time="5.051"/>
  <system-out/>
  <testcase classname="com.qc.testng.test.LoginTest" name="doLogin" time="4.391"/>
  <system-out/>
  <testcase classname="com.qc.testng.test.LoginTest" name="doLogin" time="5.457"/>
  <system-out/>
  <testcase classname="com.qc.testng.test.LoginTest" name="doLogin" time="4.299"/>
  <system-out/>
  <testcase classname="com.qc.testng.test.LoginTest" name="doLogin" time="3.490"/>
  <system-out/>
  <testcase classname="com.qc.testng.test.LoginTest" name="doLogin" time="3.581"/>
  <system-out/>
</testsuite> <!-- com.qc.testng.test.LoginTest -->
